<?xml version="1.0" encoding="UTF-8"?>
<!-- Generated by org.testng.reporters.JUnitReportReporter -->
<testsuite hostname="ACER-PC" failures="0" tests="1" name="tests.ProductCheckoutTest" time="53.314" errors="0" timestamp="2021-02-11T16:03:52 IST" skipped="0">
  <testcase classname="tests.ProductCheckoutTest" name="productCheckOut" time="53.314"/>
  <system-out/>
</testsuite> <!-- tests.ProductCheckoutTest -->
