<?xml version="1.0" encoding="UTF-8"?>
<!-- Generated by org.testng.reporters.JUnitReportReporter -->
<testsuite hostname="ACER-PC" failures="0" tests="9" name="tests.RestAssuredTest" time="14.612" errors="0" timestamp="2021-02-11T16:03:52 IST" skipped="0">
  <testcase classname="tests.RestAssuredTest" name="restTest1" time="6.372"/>
  <system-out/>
  <testcase classname="tests.RestAssuredTest" name="restTest21" time="1.483"/>
  <system-out/>
  <testcase classname="tests.RestAssuredTest" name="restTest22" time="0.904"/>
  <system-out/>
  <testcase classname="tests.RestAssuredTest" name="restTest31" time="1.111"/>
  <system-out/>
  <testcase classname="tests.RestAssuredTest" name="restTest32" time="0.846"/>
  <system-out/>
  <testcase classname="tests.RestAssuredTest" name="restTest41" time="1.012"/>
  <system-out/>
  <testcase classname="tests.RestAssuredTest" name="restTest42" time="0.948"/>
  <system-out/>
  <testcase classname="tests.RestAssuredTest" name="restTest51" time="0.987"/>
  <system-out/>
  <testcase classname="tests.RestAssuredTest" name="restTest52" time="0.949"/>
  <system-out/>
</testsuite> <!-- tests.RestAssuredTest -->
